<?xml version="1.0" encoding="UTF-8"?>
<testng-results skipped="0" failed="0" ignored="0" total="1" passed="1">
  <reporter-output>
  </reporter-output>
  <suite name="Command line suite" duration-ms="24" started-at="2020-09-27T02:05:17Z" finished-at="2020-09-27T02:05:17Z">
    <groups>
    </groups>
    <test name="Command line test" duration-ms="24" started-at="2020-09-27T02:05:17Z" finished-at="2020-09-27T02:05:17Z">
      <class name="Goibio.goibio.AppTest">
        <test-method status="PASS" signature="testApp()[pri:0, instance:testApp(Goibio.goibio.AppTest)]" name="testApp" duration-ms="2" started-at="2020-09-26T19:05:17Z" finished-at="2020-09-26T19:05:17Z">
          <reporter-output>
          </reporter-output>
        </test-method> <!-- testApp -->
      </class> <!-- Goibio.goibio.AppTest -->
    </test> <!-- Command line test -->
  </suite> <!-- Command line suite -->
</testng-results>
