<?xml version="1.0" encoding="UTF-8"?>
<!-- Generated by org.testng.reporters.JUnitXMLReporter -->
<testsuite hostname="123mm" ignored="0" name="Default test" tests="2" failures="0" timestamp="10 Oct 2020 02:33:29 GMT" time="80.344" errors="0">
  <testcase name="verifyingGoibioHomePageTitle" time="0.506" classname="com.goibio.testcases.RoundTripBookingTest"/>
  <testcase name="roundTripFlightBookingTest" time="50.266" classname="com.goibio.testcases.RoundTripBookingTest"/>
</testsuite> <!-- Default test -->
