<?xml version="1.0" encoding="UTF-8"?>
<!-- Generated by org.testng.reporters.JUnitXMLReporter -->
<testsuite hostname="123mm" ignored="0" name="Default test" tests="2" failures="0" timestamp="24 Oct 2020 06:40:26 GMT" time="131.642" errors="0">
  <testcase name="verifyingGoibioHomePageTitle" time="0.32" classname="com.goibio.testcases.RoundTripBookingTest"/>
  <testcase name="roundTripFlightBookingTest" time="102.362" classname="com.goibio.testcases.RoundTripBookingTest"/>
</testsuite> <!-- Default test -->
