<?xml version="1.0" encoding="UTF-8"?>
<!-- Generated by org.testng.reporters.JUnitXMLReporter -->
<testsuite hostname="123mm" ignored="0" name="OnewayTrip Booking Test" tests="2" failures="0" timestamp="09 Oct 2020 20:34:49 GMT" time="88.333" errors="0">
  <testcase name="verifyingGoibioHomePageTitle" time="0.256" classname="com.goibio.testcases.RoundTripBookingTest"/>
  <testcase name="roundTripFlightBookingTest" time="51.23" classname="com.goibio.testcases.RoundTripBookingTest"/>
</testsuite> <!-- OnewayTrip Booking Test -->
