<?xml version="1.0" encoding="UTF-8"?>
<testng-results skipped="0" failed="0" ignored="0" total="1" passed="1">
  <reporter-output>
  </reporter-output>
  <suite name="Command line suite" duration-ms="45337" started-at="2020-09-27T02:04:30Z" finished-at="2020-09-27T02:05:15Z">
    <groups>
    </groups>
    <test name="Command line test" duration-ms="45337" started-at="2020-09-27T02:04:30Z" finished-at="2020-09-27T02:05:15Z">
      <class name="com.goibio.testcases.FlightBookingTest">
        <test-method status="PASS" signature="setup()[pri:0, instance:com.goibio.testcases.FlightBookingTest@60f82f98]" name="setup" is-config="true" duration-ms="29148" started-at="2020-09-26T19:04:30Z" finished-at="2020-09-26T19:04:59Z">
          <reporter-output>
          </reporter-output>
        </test-method> <!-- setup -->
        <test-method status="PASS" signature="flightbooking()[pri:0, instance:com.goibio.testcases.FlightBookingTest@60f82f98]" name="flightbooking" duration-ms="16105" started-at="2020-09-26T19:04:59Z" finished-at="2020-09-26T19:05:15Z">
          <reporter-output>
          </reporter-output>
        </test-method> <!-- flightbooking -->
      </class> <!-- com.goibio.testcases.FlightBookingTest -->
    </test> <!-- Command line test -->
  </suite> <!-- Command line suite -->
</testng-results>
