<?xml version="1.0" encoding="UTF-8"?>
<!-- Generated by org.testng.reporters.JUnitXMLReporter -->
<testsuite hostname="123mm" ignored="0" name="OnewayTrip Booking Test" tests="2" failures="0" timestamp="10 Oct 2020 07:07:50 GMT" time="80.545" errors="0">
  <testcase name="verifyingGoibioHomePageTitle" time="0.216" classname="com.goibio.testcases.RoundTripBookingTest"/>
  <testcase name="roundTripFlightBookingTest" time="63.081" classname="com.goibio.testcases.RoundTripBookingTest"/>
</testsuite> <!-- OnewayTrip Booking Test -->
