<?xml version="1.0" encoding="UTF-8"?>
<testsuite xmlns:xsi="http://www.w3.org/2001/XMLSchema-instance" xsi:noNamespaceSchemaLocation="https://maven.apache.org/surefire/maven-surefire-plugin/xsd/surefire-test-report-3.0.xsd" version="3.0" name="TestSuite" time="150.736" tests="3" errors="0" skipped="0" failures="1">
  <properties>
[...]
</properties>
  <testcase name="OnewayTripBookingTest[Delhi (DEL), Mumbai (BOM), 18 October 2020](1)" classname="com.goibio.testcases.OnewayFlightBookingTest" time="46.85">
    <system-out><![CDATA[19:41:23.934 [main] INFO  com.goibio.testcases.OnewayFlightBookingTest - Successfully Entered Source Value
19:41:29.944 [main] INFO  com.goibio.testcases.OnewayFlightBookingTest - Successfully Entered Destination Value
19:41:32.481 [main] INFO  com.goibio.testcases.OnewayFlightBookingTest - Successfully Selected Depature Date
19:41:33.198 [main] INFO  com.goibio.testcases.OnewayFlightBookingTest - Clicked on Search Button
19:41:39.454 [main] INFO  com.goibio.testcases.OnewayFlightBookingTest - Clicked on Book Button
19:41:42.469 [main] INFO  com.goibio.testcases.OnewayFlightBookingTest - Selected Secureravell Protection
19:41:44.934 [main] INFO  com.goibio.testcases.OnewayFlightBookingTest - Entered Traveller Details
19:41:45.366 [main] INFO  com.goibio.testcases.OnewayFlightBookingTest - Clicked on Procced Buton
19:41:53.495 [main] INFO  com.goibio.testcases.OnewayFlightBookingTest - Clicked OnCovid19pop Buton
19:41:54.071 [main] INFO  com.goibio.testcases.OnewayFlightBookingTest - Clicked Payment Buton
19:42:02.446 [main] INFO  com.goibio.testcases.OnewayFlightBookingTest - Selected Amazon Pay Payment Method
]]></system-out>
    <system-err><![CDATA[Starting ChromeDriver 86.0.4240.22 (398b0743353ff36fb1b82468f63a3a93b4e2e89e-refs/branch-heads/4240@{#378}) on port 19422
Only local connections are allowed.
Please see https://chromedriver.chromium.org/security-considerations for suggestions on keeping ChromeDriver safe.
ChromeDriver was started successfully.
Oct 10, 2020 7:40:52 PM org.openqa.selenium.remote.ProtocolHandshake createSession
INFO: Detected dialect: W3C
]]></system-err>
  </testcase>
  <testcase name="verifyingGoibioHomePageTitle" classname="com.goibio.testcases.RoundTripBookingTest" time="0.64">
    <system-out><![CDATA[19:42:31.816 [main] INFO  com.goibio.testcases.RoundTripBookingTest - validating index PageTitle
]]></system-out>
    <system-err><![CDATA[Starting ChromeDriver 86.0.4240.22 (398b0743353ff36fb1b82468f63a3a93b4e2e89e-refs/branch-heads/4240@{#378}) on port 14581
Only local connections are allowed.
Please see https://chromedriver.chromium.org/security-considerations for suggestions on keeping ChromeDriver safe.
ChromeDriver was started successfully.
Oct 10, 2020 7:42:14 PM org.openqa.selenium.remote.ProtocolHandshake createSession
INFO: Detected dialect: W3C
]]></system-err>
  </testcase>
  <testcase name="roundTripFlightBookingTest[Delhi (DEL), Mumbai (BOM), 15 October 2020, 18 October 2020](1)" classname="com.goibio.testcases.RoundTripBookingTest" time="38.67">
    <failure message="element click intercepted: Element &lt;button class=&quot;button orange col-md-3 fr large dF justifyCenter min37&quot;&gt;...&lt;/button&gt; is not clickable at point (824, 468). Other element would receive the click: &lt;div class=&quot;popOverlay popShow&quot;&gt;&lt;/div&gt;&#10;  (Session info: chrome=86.0.4240.75)&#10;Build info: version: &apos;3.6.0&apos;, revision: &apos;6fbf3ec767&apos;, time: &apos;2017-09-27T15:28:36.4Z&apos;&#10;System info: host: &apos;123MM&apos;, ip: &apos;192.168.160.1&apos;, os.name: &apos;Windows 8.1&apos;, os.arch: &apos;amd64&apos;, os.version: &apos;6.3&apos;, java.version: &apos;1.8.0_181&apos;&#10;Driver info: org.openqa.selenium.chrome.ChromeDriver&#10;Capabilities [{networkConnectionEnabled=false, chrome={chromedriverVersion=86.0.4240.22 (398b0743353ff36fb1b82468f63a3a93b4e2e89e-refs/branch-heads/4240@{#378}), userDataDir=C:\Users\1234\AppData\Local\Temp\scoped_dir4100_1935583352}, timeouts={implicit=0, pageLoad=300000, script=30000}, pageLoadStrategy=normal, unhandledPromptBehavior=dismiss and notify, strictFileInteractability=false, platform=WINDOWS, proxy=Proxy(), goog:chromeOptions={debuggerAddress=localhost:64910}, acceptInsecureCerts=false, browserVersion=86.0.4240.75, browserName=chrome, javascriptEnabled=true, platformName=WINDOWS, setWindowRect=true, webauthn:virtualAuthenticators=true}]&#10;Session ID: 1f3ad66aa250f1fb885095e7aba65cdb" type="org.openqa.selenium.ElementClickInterceptedException"><![CDATA[org.openqa.selenium.ElementClickInterceptedException: 
element click intercepted: Element <button class="button orange col-md-3 fr large dF justifyCenter min37">...</button> is not clickable at point (824, 468). Other element would receive the click: <div class="popOverlay popShow"></div>
  (Session info: chrome=86.0.4240.75)
Build info: version: '3.6.0', revision: '6fbf3ec767', time: '2017-09-27T15:28:36.4Z'
System info: host: '123MM', ip: '192.168.160.1', os.name: 'Windows 8.1', os.arch: 'amd64', os.version: '6.3', java.version: '1.8.0_181'
Driver info: org.openqa.selenium.chrome.ChromeDriver
Capabilities [{networkConnectionEnabled=false, chrome={chromedriverVersion=86.0.4240.22 (398b0743353ff36fb1b82468f63a3a93b4e2e89e-refs/branch-heads/4240@{#378}), userDataDir=C:\Users\1234\AppData\Local\Temp\scoped_dir4100_1935583352}, timeouts={implicit=0, pageLoad=300000, script=30000}, pageLoadStrategy=normal, unhandledPromptBehavior=dismiss and notify, strictFileInteractability=false, platform=WINDOWS, proxy=Proxy(), goog:chromeOptions={debuggerAddress=localhost:64910}, acceptInsecureCerts=false, browserVersion=86.0.4240.75, browserName=chrome, javascriptEnabled=true, platformName=WINDOWS, setWindowRect=true, webauthn:virtualAuthenticators=true}]
Session ID: 1f3ad66aa250f1fb885095e7aba65cdb
	at com.goibio.testcases.RoundTripBookingTest.roundTripFlightBookingTest(RoundTripBookingTest.java:72)
]]></failure>
    <system-out><![CDATA[19:42:32.344 [main] INFO  com.goibio.testcases.RoundTripBookingTest - Successfully Clicked on RoundTrip Button
19:42:38.257 [main] INFO  com.goibio.testcases.RoundTripBookingTest - Successfully Entered Source Value
19:42:44.111 [main] INFO  com.goibio.testcases.RoundTripBookingTest - Successfully Entered Destination Value
19:42:46.994 [main] INFO  com.goibio.testcases.RoundTripBookingTest - Successfully Selected Depature Date
19:42:49.495 [main] INFO  com.goibio.testcases.RoundTripBookingTest - Successfully EnteredSource Value
19:42:50.313 [main] INFO  com.goibio.testcases.RoundTripBookingTest - Clicked on Search Button
19:43:00.276 [main] INFO  com.goibio.testcases.RoundTripBookingTest - Sorted Price in Descending Order
19:43:01.404 [main] INFO  com.goibio.testcases.RoundTripBookingTest - Selected Depature and Return Flights
19:43:02.709 [main] INFO  com.goibio.testcases.RoundTripBookingTest - Clicked on Book Button
19:43:06.707 [main] INFO  com.goibio.testcases.RoundTripBookingTest - Selected Secureravell Protection
19:43:08.964 [main] INFO  com.goibio.testcases.RoundTripBookingTest - Entered Traveller Details
]]></system-out>
  </testcase>
</testsuite>