<?xml version="1.0" encoding="UTF-8"?>
<testsuite xmlns:xsi="http://www.w3.org/2001/XMLSchema-instance" xsi:noNamespaceSchemaLocation="https://maven.apache.org/surefire/maven-surefire-plugin/xsd/surefire-test-report-3.0.xsd" version="3.0" name="TestSuite" time="154.537" tests="3" errors="0" skipped="0" failures="0">
  <properties>
[...]
</properties>
  <testcase name="OnewayTripBookingTest[Delhi (DEL), Mumbai (BOM), 18 October 2020](1)" classname="com.goibio.testcases.OnewayFlightBookingTest" time="44.23">
    <system-out><![CDATA[00:05:49.682 [main] INFO  com.goibio.testcases.OnewayFlightBookingTest - Successfully Entered Source Value
00:05:55.441 [main] INFO  com.goibio.testcases.OnewayFlightBookingTest - Successfully Entered Destination Value
00:05:58.361 [main] INFO  com.goibio.testcases.OnewayFlightBookingTest - Successfully Selected Depature Date
00:05:59.114 [main] INFO  com.goibio.testcases.OnewayFlightBookingTest - Clicked on Search Button
00:06:06.882 [main] INFO  com.goibio.testcases.OnewayFlightBookingTest - Clicked on Book Button
00:06:10.401 [main] INFO  com.goibio.testcases.OnewayFlightBookingTest - Selected Secureravell Protection
00:06:12.584 [main] INFO  com.goibio.testcases.OnewayFlightBookingTest - Entered Traveller Details
00:06:12.993 [main] INFO  com.goibio.testcases.OnewayFlightBookingTest - Clicked on Procced Buton
00:06:19.000 [main] INFO  com.goibio.testcases.OnewayFlightBookingTest - Clicked OnCovid19pop Buton
00:06:19.589 [main] INFO  com.goibio.testcases.OnewayFlightBookingTest - Clicked Payment Buton
00:06:26.897 [main] INFO  com.goibio.testcases.OnewayFlightBookingTest - Selected Amazon Pay Payment Method
]]></system-out>
    <system-err><![CDATA[Starting ChromeDriver 86.0.4240.22 (398b0743353ff36fb1b82468f63a3a93b4e2e89e-refs/branch-heads/4240@{#378}) on port 38767
Only local connections are allowed.
Please see https://chromedriver.chromium.org/security-considerations for suggestions on keeping ChromeDriver safe.
ChromeDriver was started successfully.
Oct 10, 2020 12:05:26 AM org.openqa.selenium.remote.ProtocolHandshake createSession
INFO: Detected dialect: W3C
]]></system-err>
  </testcase>
  <testcase name="verifyingGoibioHomePageTitle" classname="com.goibio.testcases.RoundTripBookingTest" time="0.136">
    <system-out><![CDATA[00:06:46.123 [main] INFO  com.goibio.testcases.RoundTripBookingTest - validating index PageTitle
]]></system-out>
    <system-err><![CDATA[Starting ChromeDriver 86.0.4240.22 (398b0743353ff36fb1b82468f63a3a93b4e2e89e-refs/branch-heads/4240@{#378}) on port 34179
Only local connections are allowed.
Please see https://chromedriver.chromium.org/security-considerations for suggestions on keeping ChromeDriver safe.
ChromeDriver was started successfully.
Oct 10, 2020 12:06:32 AM org.openqa.selenium.remote.ProtocolHandshake createSession
INFO: Detected dialect: W3C
]]></system-err>
  </testcase>
  <testcase name="roundTripFlightBookingTest[Delhi (DEL), Mumbai (BOM), 15 October 2020, 18 October 2020](1)" classname="com.goibio.testcases.RoundTripBookingTest" time="63.408">
    <system-out><![CDATA[00:06:47.435 [main] INFO  com.goibio.testcases.RoundTripBookingTest - Successfully Clicked on RoundTrip Button
00:06:53.198 [main] INFO  com.goibio.testcases.RoundTripBookingTest - Successfully Entered Source Value
00:06:58.889 [main] INFO  com.goibio.testcases.RoundTripBookingTest - Successfully Entered Destination Value
00:07:01.713 [main] INFO  com.goibio.testcases.RoundTripBookingTest - Successfully Selected Depature Date
00:07:04.111 [main] INFO  com.goibio.testcases.RoundTripBookingTest - Successfully EnteredSource Value
00:07:04.702 [main] INFO  com.goibio.testcases.RoundTripBookingTest - Clicked on Search Button
00:07:19.873 [main] INFO  com.goibio.testcases.RoundTripBookingTest - Sorted Price in Descending Order
00:07:20.824 [main] INFO  com.goibio.testcases.RoundTripBookingTest - Selected Depature and Return Flights
00:07:22.056 [main] INFO  com.goibio.testcases.RoundTripBookingTest - Clicked on Book Button
00:07:24.710 [main] INFO  com.goibio.testcases.RoundTripBookingTest - Selected Secureravell Protection
00:07:37.629 [main] INFO  com.goibio.testcases.RoundTripBookingTest - Entered Traveller Details
00:07:40.061 [main] INFO  com.goibio.testcases.RoundTripBookingTest - Clicked on Procced Buton
00:07:40.829 [main] INFO  com.goibio.testcases.RoundTripBookingTest - Clicked OnCovid19pop Buton
00:07:41.349 [main] INFO  com.goibio.testcases.RoundTripBookingTest - Clicked Payment Buton
00:07:49.420 [main] INFO  com.goibio.testcases.RoundTripBookingTest - Selected Amazon Pay Payment Method
]]></system-out>
  </testcase>
</testsuite>