<?xml version="1.0" encoding="UTF-8"?>
<testng-results skipped="0" failed="1" ignored="0" total="3" passed="2">
  <reporter-output>
  </reporter-output>
  <suite name="Suite" duration-ms="145716" started-at="2020-10-11T02:40:45Z" finished-at="2020-10-11T02:43:11Z">
    <groups>
    </groups>
    <test name="RoundTrip Booking Test" duration-ms="85878" started-at="2020-10-11T02:40:45Z" finished-at="2020-10-11T02:42:11Z">
      <class name="com.goibio.testcases.OnewayFlightBookingTest">
        <test-method status="PASS" signature="setup()[pri:0, instance:com.goibio.testcases.OnewayFlightBookingTest@7c417213]" name="setup" is-config="true" duration-ms="25304" started-at="2020-10-10T19:40:45Z" finished-at="2020-10-10T19:41:11Z">
          <reporter-output>
          </reporter-output>
        </test-method> <!-- setup -->
        <test-method status="PASS" signature="OnewayTripBookingTest(java.lang.String, java.lang.String, java.lang.String)[pri:0, instance:com.goibio.testcases.OnewayFlightBookingTest@7c417213]" name="OnewayTripBookingTest" duration-ms="46794" started-at="2020-10-10T19:41:15Z" data-provider="getOnewayFlightData" finished-at="2020-10-10T19:42:02Z">
          <params>
            <param index="0">
              <value>
                <![CDATA[Delhi (DEL)]]>
              </value>
            </param>
            <param index="1">
              <value>
                <![CDATA[Mumbai (BOM)]]>
              </value>
            </param>
            <param index="2">
              <value>
                <![CDATA[18 October 2020]]>
              </value>
            </param>
          </params>
          <reporter-output>
          </reporter-output>
        </test-method> <!-- OnewayTripBookingTest -->
        <test-method status="PASS" signature="teardown()[pri:0, instance:com.goibio.testcases.OnewayFlightBookingTest@7c417213]" name="teardown" is-config="true" duration-ms="9363" started-at="2020-10-10T19:42:02Z" finished-at="2020-10-10T19:42:11Z">
          <reporter-output>
          </reporter-output>
        </test-method> <!-- teardown -->
      </class> <!-- com.goibio.testcases.OnewayFlightBookingTest -->
    </test> <!-- RoundTrip Booking Test -->
    <test name="OnewayTrip Booking Test" duration-ms="59775" started-at="2020-10-11T02:42:11Z" finished-at="2020-10-11T02:43:11Z">
      <class name="com.goibio.testcases.RoundTripBookingTest">
        <test-method status="PASS" signature="setup()[pri:0, instance:com.goibio.testcases.RoundTripBookingTest@add0edd]" name="setup" is-config="true" duration-ms="19152" started-at="2020-10-10T19:42:11Z" finished-at="2020-10-10T19:42:31Z">
          <reporter-output>
          </reporter-output>
        </test-method> <!-- setup -->
        <test-method status="PASS" signature="verifyingGoibioHomePageTitle()[pri:1, instance:com.goibio.testcases.RoundTripBookingTest@add0edd]" name="verifyingGoibioHomePageTitle" duration-ms="768" started-at="2020-10-10T19:42:31Z" finished-at="2020-10-10T19:42:31Z">
          <reporter-output>
          </reporter-output>
        </test-method> <!-- verifyingGoibioHomePageTitle -->
        <test-method status="FAIL" signature="roundTripFlightBookingTest(java.lang.String, java.lang.String, java.lang.String, java.lang.String)[pri:2, instance:com.goibio.testcases.RoundTripBookingTest@add0edd]" name="roundTripFlightBookingTest" duration-ms="38356" started-at="2020-10-10T19:42:31Z" data-provider="getFlightData" finished-at="2020-10-10T19:43:10Z">
          <params>
            <param index="0">
              <value>
                <![CDATA[Delhi (DEL)]]>
              </value>
            </param>
            <param index="1">
              <value>
                <![CDATA[Mumbai (BOM)]]>
              </value>
            </param>
            <param index="2">
              <value>
                <![CDATA[15 October 2020]]>
              </value>
            </param>
            <param index="3">
              <value>
                <![CDATA[18 October 2020]]>
              </value>
            </param>
          </params>
          <exception class="org.openqa.selenium.ElementClickInterceptedException">
            <message>
              <![CDATA[element click intercepted: Element <button class="button orange col-md-3 fr large dF justifyCenter min37">...</button> is not clickable at point (824, 468). Other element would receive the click: <div class="popOverlay popShow"></div>
  (Session info: chrome=86.0.4240.75)
Build info: version: '3.6.0', revision: '6fbf3ec767', time: '2017-09-27T15:28:36.4Z'
System info: host: '123MM', ip: '192.168.160.1', os.name: 'Windows 8.1', os.arch: 'amd64', os.version: '6.3', java.version: '1.8.0_181'
Driver info: org.openqa.selenium.chrome.ChromeDriver
Capabilities [{networkConnectionEnabled=false, chrome={chromedriverVersion=86.0.4240.22 (398b0743353ff36fb1b82468f63a3a93b4e2e89e-refs/branch-heads/4240@{#378}), userDataDir=C:\Users\1234\AppData\Local\Temp\scoped_dir4100_1935583352}, timeouts={implicit=0, pageLoad=300000, script=30000}, pageLoadStrategy=normal, unhandledPromptBehavior=dismiss and notify, strictFileInteractability=false, platform=WINDOWS, proxy=Proxy(), goog:chromeOptions={debuggerAddress=localhost:64910}, acceptInsecureCerts=false, browserVersion=86.0.4240.75, browserName=chrome, javascriptEnabled=true, platformName=WINDOWS, setWindowRect=true, webauthn:virtualAuthenticators=true}]
Session ID: 1f3ad66aa250f1fb885095e7aba65cdb]]>
            </message>
            <full-stacktrace>
              <![CDATA[org.openqa.selenium.ElementClickInterceptedException: element click intercepted: Element <button class="button orange col-md-3 fr large dF justifyCenter min37">...</button> is not clickable at point (824, 468). Other element would receive the click: <div class="popOverlay popShow"></div>
  (Session info: chrome=86.0.4240.75)
Build info: version: '3.6.0', revision: '6fbf3ec767', time: '2017-09-27T15:28:36.4Z'
System info: host: '123MM', ip: '192.168.160.1', os.name: 'Windows 8.1', os.arch: 'amd64', os.version: '6.3', java.version: '1.8.0_181'
Driver info: org.openqa.selenium.chrome.ChromeDriver
Capabilities [{networkConnectionEnabled=false, chrome={chromedriverVersion=86.0.4240.22 (398b0743353ff36fb1b82468f63a3a93b4e2e89e-refs/branch-heads/4240@{#378}), userDataDir=C:\Users\1234\AppData\Local\Temp\scoped_dir4100_1935583352}, timeouts={implicit=0, pageLoad=300000, script=30000}, pageLoadStrategy=normal, unhandledPromptBehavior=dismiss and notify, strictFileInteractability=false, platform=WINDOWS, proxy=Proxy(), goog:chromeOptions={debuggerAddress=localhost:64910}, acceptInsecureCerts=false, browserVersion=86.0.4240.75, browserName=chrome, javascriptEnabled=true, platformName=WINDOWS, setWindowRect=true, webauthn:virtualAuthenticators=true}]
Session ID: 1f3ad66aa250f1fb885095e7aba65cdb
	at sun.reflect.NativeConstructorAccessorImpl.newInstance0(Native Method)
	at sun.reflect.NativeConstructorAccessorImpl.newInstance(NativeConstructorAccessorImpl.java:62)
	at sun.reflect.DelegatingConstructorAccessorImpl.newInstance(DelegatingConstructorAccessorImpl.java:45)
	at java.lang.reflect.Constructor.newInstance(Constructor.java:423)
	at org.openqa.selenium.remote.http.W3CHttpResponseCodec.createException(W3CHttpResponseCodec.java:185)
	at org.openqa.selenium.remote.http.W3CHttpResponseCodec.decode(W3CHttpResponseCodec.java:120)
	at org.openqa.selenium.remote.http.W3CHttpResponseCodec.decode(W3CHttpResponseCodec.java:49)
	at org.openqa.selenium.remote.HttpCommandExecutor.execute(HttpCommandExecutor.java:164)
	at org.openqa.selenium.remote.service.DriverCommandExecutor.execute(DriverCommandExecutor.java:83)
	at org.openqa.selenium.remote.RemoteWebDriver.execute(RemoteWebDriver.java:586)
	at org.openqa.selenium.remote.RemoteWebElement.execute(RemoteWebElement.java:279)
	at org.openqa.selenium.remote.RemoteWebElement.click(RemoteWebElement.java:83)
	at sun.reflect.GeneratedMethodAccessor4.invoke(Unknown Source)
	at sun.reflect.DelegatingMethodAccessorImpl.invoke(DelegatingMethodAccessorImpl.java:43)
	at java.lang.reflect.Method.invoke(Method.java:498)
	at org.openqa.selenium.support.pagefactory.internal.LocatingElementHandler.invoke(LocatingElementHandler.java:51)
	at com.sun.proxy.$Proxy23.click(Unknown Source)
	at com.goibio.pageobjects.FlightReviewPage.clickOnProceedBtn(FlightReviewPage.java:77)
	at com.goibio.testcases.RoundTripBookingTest.roundTripFlightBookingTest(RoundTripBookingTest.java:72)
	at sun.reflect.NativeMethodAccessorImpl.invoke0(Native Method)
	at sun.reflect.NativeMethodAccessorImpl.invoke(NativeMethodAccessorImpl.java:62)
	at sun.reflect.DelegatingMethodAccessorImpl.invoke(DelegatingMethodAccessorImpl.java:43)
	at java.lang.reflect.Method.invoke(Method.java:498)
	at org.testng.internal.MethodInvocationHelper.invokeMethod(MethodInvocationHelper.java:108)
	at org.testng.internal.Invoker.invokeMethod(Invoker.java:661)
	at org.testng.internal.Invoker.invokeTestMethod(Invoker.java:869)
	at org.testng.internal.Invoker.invokeTestMethods(Invoker.java:1193)
	at org.testng.internal.TestMethodWorker.invokeTestMethods(TestMethodWorker.java:126)
	at org.testng.internal.TestMethodWorker.run(TestMethodWorker.java:109)
	at org.testng.TestRunner.privateRun(TestRunner.java:744)
	at org.testng.TestRunner.run(TestRunner.java:602)
	at org.testng.SuiteRunner.runTest(SuiteRunner.java:380)
	at org.testng.SuiteRunner.runSequentially(SuiteRunner.java:375)
	at org.testng.SuiteRunner.privateRun(SuiteRunner.java:340)
	at org.testng.SuiteRunner.run(SuiteRunner.java:289)
	at org.testng.SuiteRunnerWorker.runSuite(SuiteRunnerWorker.java:52)
	at org.testng.SuiteRunnerWorker.run(SuiteRunnerWorker.java:86)
	at org.testng.TestNG.runSuitesSequentially(TestNG.java:1301)
	at org.testng.TestNG.runSuitesLocally(TestNG.java:1226)
	at org.testng.TestNG.runSuites(TestNG.java:1144)
	at org.testng.TestNG.run(TestNG.java:1115)
	at org.apache.maven.surefire.testng.TestNGExecutor.run(TestNGExecutor.java:284)
	at org.apache.maven.surefire.testng.TestNGXmlTestSuite.execute(TestNGXmlTestSuite.java:75)
	at org.apache.maven.surefire.testng.TestNGProvider.invoke(TestNGProvider.java:119)
	at org.apache.maven.surefire.booter.ForkedBooter.runSuitesInProcess(ForkedBooter.java:428)
	at org.apache.maven.surefire.booter.ForkedBooter.execute(ForkedBooter.java:162)
	at org.apache.maven.surefire.booter.ForkedBooter.run(ForkedBooter.java:562)
	at org.apache.maven.surefire.booter.ForkedBooter.main(ForkedBooter.java:548)
]]>
            </full-stacktrace>
          </exception> <!-- org.openqa.selenium.ElementClickInterceptedException -->
          <reporter-output>
          </reporter-output>
        </test-method> <!-- roundTripFlightBookingTest -->
        <test-method status="PASS" signature="teardown()[pri:0, instance:com.goibio.testcases.RoundTripBookingTest@add0edd]" name="teardown" is-config="true" duration-ms="1355" started-at="2020-10-10T19:43:10Z" finished-at="2020-10-10T19:43:11Z">
          <reporter-output>
          </reporter-output>
        </test-method> <!-- teardown -->
      </class> <!-- com.goibio.testcases.RoundTripBookingTest -->
    </test> <!-- OnewayTrip Booking Test -->
  </suite> <!-- Suite -->
</testng-results>
