<?xml version="1.0" encoding="UTF-8"?>
<testng-results skipped="0" failed="0" ignored="0" total="1" passed="1">
  <reporter-output>
  </reporter-output>
  <suite name="Suite" duration-ms="93389" started-at="2020-10-05T02:27:00Z" finished-at="2020-10-05T02:28:34Z">
    <groups>
    </groups>
    <test name="Test" duration-ms="93389" started-at="2020-10-05T02:27:00Z" finished-at="2020-10-05T02:28:34Z">
      <class name="com.goibio.testcases.FlightBookingTest">
        <test-method status="PASS" signature="setup()[pri:0, instance:com.goibio.testcases.FlightBookingTest@7225790e]" name="setup" is-config="true" duration-ms="31099" started-at="2020-10-04T19:27:00Z" finished-at="2020-10-04T19:27:31Z">
          <reporter-output>
          </reporter-output>
        </test-method> <!-- setup -->
        <test-method status="PASS" signature="flightbooking()[pri:0, instance:com.goibio.testcases.FlightBookingTest@7225790e]" name="flightbooking" duration-ms="62208" started-at="2020-10-04T19:27:31Z" finished-at="2020-10-04T19:28:34Z">
          <reporter-output>
          </reporter-output>
        </test-method> <!-- flightbooking -->
      </class> <!-- com.goibio.testcases.FlightBookingTest -->
    </test> <!-- Test -->
  </suite> <!-- Suite -->
</testng-results>
