<?xml version="1.0" encoding="UTF-8"?>
<testng-results skipped="0" failed="0" ignored="0" total="1" passed="1">
  <reporter-output>
  </reporter-output>
  <suite name="Default suite" duration-ms="69257" started-at="2020-09-26T05:51:53Z" finished-at="2020-09-26T05:53:02Z">
    <groups>
    </groups>
    <test name="Default test" duration-ms="69257" started-at="2020-09-26T05:51:53Z" finished-at="2020-09-26T05:53:02Z">
      <class name="com.goibio.testcases.FlightBookingTest">
        <test-method status="PASS" signature="setup()[pri:0, instance:com.goibio.testcases.FlightBookingTest@1593948d]" name="setup" is-config="true" duration-ms="48742" started-at="2020-09-25T22:51:53Z" finished-at="2020-09-25T22:52:42Z">
          <reporter-output>
          </reporter-output>
        </test-method> <!-- setup -->
        <test-method status="PASS" signature="flightbooking()[pri:0, instance:com.goibio.testcases.FlightBookingTest@1593948d]" name="flightbooking" duration-ms="20444" started-at="2020-09-25T22:52:42Z" finished-at="2020-09-25T22:53:02Z">
          <reporter-output>
          </reporter-output>
        </test-method> <!-- flightbooking -->
      </class> <!-- com.goibio.testcases.FlightBookingTest -->
    </test> <!-- Default test -->
  </suite> <!-- Default suite -->
</testng-results>
